c:\users\диана\source\repos\lab3.sf\main\debug\main.pch
c:\users\диана\source\repos\lab3.sf\main\debug\vc141.pdb
c:\users\диана\source\repos\lab3.sf\main\debug\vc141.idb
c:\users\диана\source\repos\lab3.sf\main\debug\stdafx.obj
c:\users\диана\source\repos\lab3.sf\main\debug\main.pdb
c:\users\диана\source\repos\lab3.sf\main\debug\main.idb
c:\users\диана\source\repos\lab3.sf\main\debug\list.obj
c:\users\диана\source\repos\lab3.sf\main\debug\main.obj
c:\users\диана\source\repos\lab3.sf\main\debug\map.obj
c:\users\диана\source\repos\lab3.sf\main\debug\sf.obj
c:\users\диана\source\repos\lab3.sf\debug\main.lib
c:\users\диана\source\repos\lab3.sf\debug\main.exe
c:\users\диана\source\repos\lab3.sf\debug\main.ilk
c:\users\диана\source\repos\lab3.sf\debug\lnk{e0b89f01-5485-4fb9-9f7b-0221e73af826}.tmp
c:\users\диана\source\repos\lab3.sf\debug\main.pdb
c:\users\диана\source\repos\lab3.sf\main\debug\main.tlog\cl.command.1.tlog
c:\users\диана\source\repos\lab3.sf\main\debug\main.tlog\cl.read.1.tlog
c:\users\диана\source\repos\lab3.sf\main\debug\main.tlog\cl.write.1.tlog
c:\users\диана\source\repos\lab3.sf\main\debug\main.tlog\lib-link.read.1.tlog
c:\users\диана\source\repos\lab3.sf\main\debug\main.tlog\lib-link.write.1.tlog
c:\users\диана\source\repos\lab3.sf\main\debug\main.tlog\lib.command.1.tlog
c:\users\диана\source\repos\lab3.sf\main\debug\main.tlog\link.11960.delete.1.tlog
c:\users\диана\source\repos\lab3.sf\main\debug\main.tlog\link.12036.delete.1.tlog
c:\users\диана\source\repos\lab3.sf\main\debug\main.tlog\link.12148.delete.1.tlog
c:\users\диана\source\repos\lab3.sf\main\debug\main.tlog\link.12188.delete.1.tlog
c:\users\диана\source\repos\lab3.sf\main\debug\main.tlog\link.13308.delete.1.tlog
c:\users\диана\source\repos\lab3.sf\main\debug\main.tlog\link.13528.delete.1.tlog
c:\users\диана\source\repos\lab3.sf\main\debug\main.tlog\link.13616.delete.1.tlog
c:\users\диана\source\repos\lab3.sf\main\debug\main.tlog\link.13668.delete.1.tlog
c:\users\диана\source\repos\lab3.sf\main\debug\main.tlog\link.15092.delete.1.tlog
c:\users\диана\source\repos\lab3.sf\main\debug\main.tlog\link.15552.delete.1.tlog
c:\users\диана\source\repos\lab3.sf\main\debug\main.tlog\link.15936.delete.1.tlog
c:\users\диана\source\repos\lab3.sf\main\debug\main.tlog\link.15948.delete.1.tlog
c:\users\диана\source\repos\lab3.sf\main\debug\main.tlog\link.16048.delete.1.tlog
c:\users\диана\source\repos\lab3.sf\main\debug\main.tlog\link.16260.delete.1.tlog
c:\users\диана\source\repos\lab3.sf\main\debug\main.tlog\link.16868.delete.1.tlog
c:\users\диана\source\repos\lab3.sf\main\debug\main.tlog\link.17152.delete.1.tlog
c:\users\диана\source\repos\lab3.sf\main\debug\main.tlog\link.17636.delete.1.tlog
c:\users\диана\source\repos\lab3.sf\main\debug\main.tlog\link.17704.delete.1.tlog
c:\users\диана\source\repos\lab3.sf\main\debug\main.tlog\link.17920.delete.1.tlog
c:\users\диана\source\repos\lab3.sf\main\debug\main.tlog\link.17988.delete.1.tlog
c:\users\диана\source\repos\lab3.sf\main\debug\main.tlog\link.18356.delete.1.tlog
c:\users\диана\source\repos\lab3.sf\main\debug\main.tlog\link.18604.delete.1.tlog
c:\users\диана\source\repos\lab3.sf\main\debug\main.tlog\link.18672.delete.1.tlog
c:\users\диана\source\repos\lab3.sf\main\debug\main.tlog\link.18844.delete.1.tlog
c:\users\диана\source\repos\lab3.sf\main\debug\main.tlog\link.18892.delete.1.tlog
c:\users\диана\source\repos\lab3.sf\main\debug\main.tlog\link.19004.delete.1.tlog
c:\users\диана\source\repos\lab3.sf\main\debug\main.tlog\link.19112.delete.1.tlog
c:\users\диана\source\repos\lab3.sf\main\debug\main.tlog\link.19184.delete.1.tlog
c:\users\диана\source\repos\lab3.sf\main\debug\main.tlog\link.19192.delete.1.tlog
c:\users\диана\source\repos\lab3.sf\main\debug\main.tlog\link.19288.delete.1.tlog
c:\users\диана\source\repos\lab3.sf\main\debug\main.tlog\link.19452.delete.1.tlog
c:\users\диана\source\repos\lab3.sf\main\debug\main.tlog\link.20100.delete.1.tlog
c:\users\диана\source\repos\lab3.sf\main\debug\main.tlog\link.20556.delete.1.tlog
c:\users\диана\source\repos\lab3.sf\main\debug\main.tlog\link.21088.delete.1.tlog
c:\users\диана\source\repos\lab3.sf\main\debug\main.tlog\link.21120.delete.1.tlog
c:\users\диана\source\repos\lab3.sf\main\debug\main.tlog\link.21304.delete.1.tlog
c:\users\диана\source\repos\lab3.sf\main\debug\main.tlog\link.21320.delete.1.tlog
c:\users\диана\source\repos\lab3.sf\main\debug\main.tlog\link.3080.delete.1.tlog
c:\users\диана\source\repos\lab3.sf\main\debug\main.tlog\link.3340.delete.1.tlog
c:\users\диана\source\repos\lab3.sf\main\debug\main.tlog\link.6608.delete.1.tlog
c:\users\диана\source\repos\lab3.sf\main\debug\main.tlog\link.7436.delete.1.tlog
c:\users\диана\source\repos\lab3.sf\main\debug\main.tlog\link.8448.delete.1.tlog
c:\users\диана\source\repos\lab3.sf\main\debug\main.tlog\link.8976.delete.1.tlog
c:\users\диана\source\repos\lab3.sf\main\debug\main.tlog\link.9480.delete.1.tlog
c:\users\диана\source\repos\lab3.sf\main\debug\main.tlog\link.command.1.tlog
c:\users\диана\source\repos\lab3.sf\main\debug\main.tlog\link.read.1.tlog
c:\users\диана\source\repos\lab3.sf\main\debug\main.tlog\link.write.1.tlog
c:\users\диана\source\repos\lab3.sf\main\debug\main.tlog\main.write.1u.tlog
